<?xml version="1.0" encoding="UTF-8"?>
<!-- Generated by org.testng.reporters.JUnitReportReporter -->
<testsuite hostname="RebelliousRANGER" failures="0" tests="3" name="TeeDee.TanusreeMaven.IpadTest" time="105.830" errors="0" timestamp="2022-01-17T23:19:17 IST" skipped="0">
  <testcase classname="TeeDee.TanusreeMaven.IpadTest" name="AEMtest" time="105.829"/>
  <system-out/>
  <testcase classname="TeeDee.TanusreeMaven.IpadTest" name="RDpageTest" time="0.000"/>
  <system-out/>
  <testcase classname="TeeDee.TanusreeMaven.IpadTest" name="ReactTest" time="0.001"/>
  <system-out/>
</testsuite> <!-- TeeDee.TanusreeMaven.IpadTest -->
