<?xml version="1.0" encoding="UTF-8"?>
<!-- Generated by org.testng.reporters.JUnitReportReporter -->
<testsuite hostname="RebelliousRANGER" failures="0" tests="3" name="TeeDee.TanusreeMaven.MobileTest" time="0.002" errors="0" timestamp="2022-01-17T23:19:17 IST" skipped="0">
  <testcase classname="TeeDee.TanusreeMaven.MobileTest" name="AEMtest" time="0.000"/>
  <system-out/>
  <testcase classname="TeeDee.TanusreeMaven.MobileTest" name="RDpageTest" time="0.001"/>
  <system-out/>
  <testcase classname="TeeDee.TanusreeMaven.MobileTest" name="ReactTest" time="0.001"/>
  <system-out/>
</testsuite> <!-- TeeDee.TanusreeMaven.MobileTest -->
