<?xml version="1.0" encoding="UTF-8"?>
<!-- Generated by org.testng.reporters.JUnitReportReporter -->
<testsuite hostname="RebelliousRANGER" failures="0" tests="3" name="TeeDee.TanusreeMaven.IpadTest" time="78.002" errors="0" timestamp="2022-01-17T22:46:57 IST" skipped="0">
  <testcase classname="TeeDee.TanusreeMaven.IpadTest" name="ReactTest" time="0.002"/>
  <system-out/>
  <testcase classname="TeeDee.TanusreeMaven.IpadTest" name="AEMtest" time="77.999"/>
  <system-out/>
  <testcase classname="TeeDee.TanusreeMaven.IpadTest" name="RDpageTest" time="0.001"/>
  <system-out/>
</testsuite> <!-- TeeDee.TanusreeMaven.IpadTest -->
